[0.476s] Invoking command in '/home/ozturk/mekhexapod_ws/src/hexapod_klavye_kontrol': PYTHONPATH=/home/ozturk/mekhexapod_ws/build/hexapod_klavye_kontrol/prefix_override:/home/ozturk/.local/lib/python3.10/site-packages/colcon_core/task/python/colcon_distutils_commands:/home/ozturk/mekhexapod_ws/install/hexapod_klavye_kontrol/lib/python3.10/site-packages:${PYTHONPATH} /usr/bin/python3 -W ignore:setup.py install is deprecated -W ignore:easy_install command is deprecated setup.py egg_info --egg-base ../../build/hexapod_klavye_kontrol build --build-base /home/ozturk/mekhexapod_ws/build/hexapod_klavye_kontrol/build install --record /home/ozturk/mekhexapod_ws/build/hexapod_klavye_kontrol/install.log --single-version-externally-managed install_data
[0.647s] running egg_info
[0.648s] writing ../../build/hexapod_klavye_kontrol/hexapod_klavye_kontrol.egg-info/PKG-INFO
[0.648s] writing dependency_links to ../../build/hexapod_klavye_kontrol/hexapod_klavye_kontrol.egg-info/dependency_links.txt
[0.648s] writing entry points to ../../build/hexapod_klavye_kontrol/hexapod_klavye_kontrol.egg-info/entry_points.txt
[0.648s] writing requirements to ../../build/hexapod_klavye_kontrol/hexapod_klavye_kontrol.egg-info/requires.txt
[0.648s] writing top-level names to ../../build/hexapod_klavye_kontrol/hexapod_klavye_kontrol.egg-info/top_level.txt
[0.649s] reading manifest file '../../build/hexapod_klavye_kontrol/hexapod_klavye_kontrol.egg-info/SOURCES.txt'
[0.650s] writing manifest file '../../build/hexapod_klavye_kontrol/hexapod_klavye_kontrol.egg-info/SOURCES.txt'
[0.650s] running build
[0.650s] running build_py
[0.650s] running install
[0.650s] running install_lib
[0.651s] running install_data
[0.651s] running install_egg_info
[0.653s] removing '/home/ozturk/mekhexapod_ws/install/hexapod_klavye_kontrol/lib/python3.10/site-packages/hexapod_klavye_kontrol-1.0.0-py3.10.egg-info' (and everything under it)
[0.653s] Copying ../../build/hexapod_klavye_kontrol/hexapod_klavye_kontrol.egg-info to /home/ozturk/mekhexapod_ws/install/hexapod_klavye_kontrol/lib/python3.10/site-packages/hexapod_klavye_kontrol-1.0.0-py3.10.egg-info
[0.653s] running install_scripts
[0.667s] Installing klavye_kontrol script to /home/ozturk/mekhexapod_ws/install/hexapod_klavye_kontrol/lib/hexapod_klavye_kontrol
[0.668s] writing list of installed files to '/home/ozturk/mekhexapod_ws/build/hexapod_klavye_kontrol/install.log'
[0.686s] Invoked command in '/home/ozturk/mekhexapod_ws/src/hexapod_klavye_kontrol' returned '0': PYTHONPATH=/home/ozturk/mekhexapod_ws/build/hexapod_klavye_kontrol/prefix_override:/home/ozturk/.local/lib/python3.10/site-packages/colcon_core/task/python/colcon_distutils_commands:/home/ozturk/mekhexapod_ws/install/hexapod_klavye_kontrol/lib/python3.10/site-packages:${PYTHONPATH} /usr/bin/python3 -W ignore:setup.py install is deprecated -W ignore:easy_install command is deprecated setup.py egg_info --egg-base ../../build/hexapod_klavye_kontrol build --build-base /home/ozturk/mekhexapod_ws/build/hexapod_klavye_kontrol/build install --record /home/ozturk/mekhexapod_ws/build/hexapod_klavye_kontrol/install.log --single-version-externally-managed install_data
