[0.097s] DEBUG:colcon:Command line arguments: ['/home/ozturk/.local/bin/colcon', 'build', '--allow-overriding', 'hex_gz', 'hexapod_description']
[0.097s] DEBUG:colcon:Parsed command line arguments: Namespace(log_base=None, log_level=None, verb_name='build', build_base='build', install_base='install', merge_install=False, symlink_install=False, test_result_base=None, continue_on_error=False, executor='parallel', parallel_workers=12, event_handlers=None, ignore_user_meta=False, metas=['./colcon.meta'], base_paths=['.'], packages_ignore=None, packages_ignore_regex=None, paths=None, packages_up_to=None, packages_up_to_regex=None, packages_above=None, packages_above_and_dependencies=None, packages_above_depth=None, packages_select_by_dep=None, packages_skip_by_dep=None, packages_skip_up_to=None, packages_select_build_failed=False, packages_skip_build_finished=False, packages_select_test_failures=False, packages_skip_test_passed=False, packages_select=None, packages_skip=None, packages_select_regex=None, packages_skip_regex=None, packages_start=None, packages_end=None, allow_overriding=['hex_gz', 'hexapod_description'], cmake_args=None, cmake_target=None, cmake_target_skip_unavailable=False, cmake_clean_cache=False, cmake_clean_first=False, cmake_force_configure=False, ament_cmake_args=None, catkin_cmake_args=None, catkin_skip_building_tests=False, mixin_files=None, mixin=None, verb_parser=<colcon_mixin.mixin.mixin_argument.MixinArgumentDecorator object at 0x744c8f388ee0>, verb_extension=<colcon_core.verb.build.BuildVerb object at 0x744c8f388970>, main=<bound method BuildVerb.main of <colcon_core.verb.build.BuildVerb object at 0x744c8f388970>>, mixin_verb=('build',))
[0.213s] Level 1:colcon.colcon_core.package_discovery:discover_packages(colcon_meta) check parameters
[0.213s] Level 1:colcon.colcon_core.package_discovery:discover_packages(recursive) check parameters
[0.213s] Level 1:colcon.colcon_core.package_discovery:discover_packages(ignore) check parameters
[0.213s] Level 1:colcon.colcon_core.package_discovery:discover_packages(path) check parameters
[0.213s] Level 1:colcon.colcon_core.package_discovery:discover_packages(colcon_meta) discover
[0.213s] Level 1:colcon.colcon_core.package_discovery:discover_packages(recursive) discover
[0.213s] INFO:colcon.colcon_core.package_discovery:Crawling recursively for packages in '/home/ozturk/mekhexapod_ws'
[0.213s] Level 1:colcon.colcon_core.package_identification:_identify(.) by extensions ['ignore', 'ignore_ament_install']
[0.213s] Level 1:colcon.colcon_core.package_identification:_identify(.) by extension 'ignore'
[0.214s] Level 1:colcon.colcon_core.package_identification:_identify(.) by extension 'ignore_ament_install'
[0.214s] Level 1:colcon.colcon_core.package_identification:_identify(.) by extensions ['colcon_pkg']
[0.214s] Level 1:colcon.colcon_core.package_identification:_identify(.) by extension 'colcon_pkg'
[0.214s] Level 1:colcon.colcon_core.package_identification:_identify(.) by extensions ['colcon_meta']
[0.214s] Level 1:colcon.colcon_core.package_identification:_identify(.) by extension 'colcon_meta'
[0.214s] Level 1:colcon.colcon_core.package_identification:_identify(.) by extensions ['ros']
[0.214s] Level 1:colcon.colcon_core.package_identification:_identify(.) by extension 'ros'
[0.228s] Level 1:colcon.colcon_core.package_identification:_identify(.) by extensions ['cmake', 'python']
[0.228s] Level 1:colcon.colcon_core.package_identification:_identify(.) by extension 'cmake'
[0.228s] Level 1:colcon.colcon_core.package_identification:_identify(.) by extension 'python'
[0.228s] Level 1:colcon.colcon_core.package_identification:_identify(.) by extensions ['python_setup_py']
[0.228s] Level 1:colcon.colcon_core.package_identification:_identify(.) by extension 'python_setup_py'
[0.228s] Level 1:colcon.colcon_core.package_identification:_identify(build) by extensions ['ignore', 'ignore_ament_install']
[0.228s] Level 1:colcon.colcon_core.package_identification:_identify(build) by extension 'ignore'
[0.228s] Level 1:colcon.colcon_core.package_identification:_identify(build) ignored
[0.228s] Level 1:colcon.colcon_core.package_identification:_identify(install) by extensions ['ignore', 'ignore_ament_install']
[0.228s] Level 1:colcon.colcon_core.package_identification:_identify(install) by extension 'ignore'
[0.228s] Level 1:colcon.colcon_core.package_identification:_identify(install) ignored
[0.229s] Level 1:colcon.colcon_core.package_identification:_identify(log) by extensions ['ignore', 'ignore_ament_install']
[0.229s] Level 1:colcon.colcon_core.package_identification:_identify(log) by extension 'ignore'
[0.229s] Level 1:colcon.colcon_core.package_identification:_identify(log) ignored
[0.229s] Level 1:colcon.colcon_core.package_identification:_identify(src) by extensions ['ignore', 'ignore_ament_install']
[0.229s] Level 1:colcon.colcon_core.package_identification:_identify(src) by extension 'ignore'
[0.229s] Level 1:colcon.colcon_core.package_identification:_identify(src) by extension 'ignore_ament_install'
[0.229s] Level 1:colcon.colcon_core.package_identification:_identify(src) by extensions ['colcon_pkg']
[0.229s] Level 1:colcon.colcon_core.package_identification:_identify(src) by extension 'colcon_pkg'
[0.229s] Level 1:colcon.colcon_core.package_identification:_identify(src) by extensions ['colcon_meta']
[0.229s] Level 1:colcon.colcon_core.package_identification:_identify(src) by extension 'colcon_meta'
[0.229s] Level 1:colcon.colcon_core.package_identification:_identify(src) by extensions ['ros']
[0.229s] Level 1:colcon.colcon_core.package_identification:_identify(src) by extension 'ros'
[0.229s] Level 1:colcon.colcon_core.package_identification:_identify(src) by extensions ['cmake', 'python']
[0.229s] Level 1:colcon.colcon_core.package_identification:_identify(src) by extension 'cmake'
[0.229s] Level 1:colcon.colcon_core.package_identification:_identify(src) by extension 'python'
[0.229s] Level 1:colcon.colcon_core.package_identification:_identify(src) by extensions ['python_setup_py']
[0.229s] Level 1:colcon.colcon_core.package_identification:_identify(src) by extension 'python_setup_py'
[0.229s] Level 1:colcon.colcon_core.package_identification:_identify(src/hex_gz) by extensions ['ignore', 'ignore_ament_install']
[0.229s] Level 1:colcon.colcon_core.package_identification:_identify(src/hex_gz) by extension 'ignore'
[0.229s] Level 1:colcon.colcon_core.package_identification:_identify(src/hex_gz) by extension 'ignore_ament_install'
[0.229s] Level 1:colcon.colcon_core.package_identification:_identify(src/hex_gz) by extensions ['colcon_pkg']
[0.229s] Level 1:colcon.colcon_core.package_identification:_identify(src/hex_gz) by extension 'colcon_pkg'
[0.229s] Level 1:colcon.colcon_core.package_identification:_identify(src/hex_gz) by extensions ['colcon_meta']
[0.229s] Level 1:colcon.colcon_core.package_identification:_identify(src/hex_gz) by extension 'colcon_meta'
[0.229s] Level 1:colcon.colcon_core.package_identification:_identify(src/hex_gz) by extensions ['ros']
[0.229s] Level 1:colcon.colcon_core.package_identification:_identify(src/hex_gz) by extension 'ros'
[0.231s] DEBUG:colcon.colcon_core.package_identification:Package 'src/hex_gz' with type 'ros.ament_pythom' and name 'hex_gz'
[0.231s] Level 1:colcon.colcon_core.package_identification:_identify(src/hexapod_description) by extensions ['ignore', 'ignore_ament_install']
[0.232s] Level 1:colcon.colcon_core.package_identification:_identify(src/hexapod_description) by extension 'ignore'
[0.232s] Level 1:colcon.colcon_core.package_identification:_identify(src/hexapod_description) by extension 'ignore_ament_install'
[0.232s] Level 1:colcon.colcon_core.package_identification:_identify(src/hexapod_description) by extensions ['colcon_pkg']
[0.232s] Level 1:colcon.colcon_core.package_identification:_identify(src/hexapod_description) by extension 'colcon_pkg'
[0.232s] Level 1:colcon.colcon_core.package_identification:_identify(src/hexapod_description) by extensions ['colcon_meta']
[0.232s] Level 1:colcon.colcon_core.package_identification:_identify(src/hexapod_description) by extension 'colcon_meta'
[0.232s] Level 1:colcon.colcon_core.package_identification:_identify(src/hexapod_description) by extensions ['ros']
[0.232s] Level 1:colcon.colcon_core.package_identification:_identify(src/hexapod_description) by extension 'ros'
[0.232s] DEBUG:colcon.colcon_core.package_identification:Package 'src/hexapod_description' with type 'ros.ament_cmake' and name 'hexapod_description'
[0.232s] Level 1:colcon.colcon_core.package_identification:_identify(src/hexapod_klavye_kontrol) by extensions ['ignore', 'ignore_ament_install']
[0.232s] Level 1:colcon.colcon_core.package_identification:_identify(src/hexapod_klavye_kontrol) by extension 'ignore'
[0.232s] Level 1:colcon.colcon_core.package_identification:_identify(src/hexapod_klavye_kontrol) by extension 'ignore_ament_install'
[0.232s] Level 1:colcon.colcon_core.package_identification:_identify(src/hexapod_klavye_kontrol) by extensions ['colcon_pkg']
[0.232s] Level 1:colcon.colcon_core.package_identification:_identify(src/hexapod_klavye_kontrol) by extension 'colcon_pkg'
[0.232s] Level 1:colcon.colcon_core.package_identification:_identify(src/hexapod_klavye_kontrol) by extensions ['colcon_meta']
[0.232s] Level 1:colcon.colcon_core.package_identification:_identify(src/hexapod_klavye_kontrol) by extension 'colcon_meta'
[0.232s] Level 1:colcon.colcon_core.package_identification:_identify(src/hexapod_klavye_kontrol) by extensions ['ros']
[0.232s] Level 1:colcon.colcon_core.package_identification:_identify(src/hexapod_klavye_kontrol) by extension 'ros'
[0.233s] DEBUG:colcon.colcon_core.package_identification:Package 'src/hexapod_klavye_kontrol' with type 'ros.ament_python' and name 'hexapod_klavye_kontrol'
[0.233s] Level 1:colcon.colcon_core.package_discovery:discover_packages(recursive) using defaults
[0.233s] Level 1:colcon.colcon_core.package_discovery:discover_packages(ignore) discover
[0.233s] Level 1:colcon.colcon_core.package_discovery:discover_packages(ignore) using defaults
[0.233s] Level 1:colcon.colcon_core.package_discovery:discover_packages(path) discover
[0.233s] Level 1:colcon.colcon_core.package_discovery:discover_packages(path) using defaults
[0.247s] Level 1:colcon.colcon_core.package_discovery:discover_packages(prefix_path) check parameters
[0.247s] Level 1:colcon.colcon_core.package_discovery:discover_packages(prefix_path) discover
[0.248s] WARNING:colcon.colcon_ros.prefix_path.ament:The path '/home/ozturk/mekhexapod_ws/install/hexapod_description' in the environment variable AMENT_PREFIX_PATH doesn't exist
[0.248s] WARNING:colcon.colcon_ros.prefix_path.catkin:The path '/home/ozturk/mekhexapod_ws/install/hexapod_description' in the environment variable CMAKE_PREFIX_PATH doesn't exist
[0.248s] DEBUG:colcon.colcon_installed_package_information.package_discovery:Found 0 installed packages in /home/ozturk/mekhexapod_ws/install
[0.249s] DEBUG:colcon.colcon_installed_package_information.package_discovery:Found 6 installed packages in /home/ozturk/Hexapod-ROS2-System/sim_and_real/ros2_ws_hex/install
[0.249s] DEBUG:colcon.colcon_installed_package_information.package_discovery:Found 1 installed packages in /home/ozturk/spyder_robot_ws/install
[0.249s] DEBUG:colcon.colcon_installed_package_information.package_discovery:Found 3 installed packages in /home/ozturk/ros2_ws/install
[0.250s] DEBUG:colcon.colcon_installed_package_information.package_discovery:Found 1 installed packages in /home/ozturk/ahmad_ws1/install
[0.250s] DEBUG:colcon.colcon_installed_package_information.package_discovery:Found 1 installed packages in /home/ozturk/azim_ws01/install
[0.251s] DEBUG:colcon.colcon_installed_package_information.package_discovery:Found 471 installed packages in /opt/ros/humble
[0.253s] Level 1:colcon.colcon_core.package_discovery:discover_packages(prefix_path) using defaults
[0.287s] Level 5:colcon.colcon_core.verb:set package 'hexapod_description' build argument 'cmake_args' from command line to 'None'
[0.287s] Level 5:colcon.colcon_core.verb:set package 'hexapod_description' build argument 'cmake_target' from command line to 'None'
[0.287s] Level 5:colcon.colcon_core.verb:set package 'hexapod_description' build argument 'cmake_target_skip_unavailable' from command line to 'False'
[0.287s] Level 5:colcon.colcon_core.verb:set package 'hexapod_description' build argument 'cmake_clean_cache' from command line to 'False'
[0.287s] Level 5:colcon.colcon_core.verb:set package 'hexapod_description' build argument 'cmake_clean_first' from command line to 'False'
[0.287s] Level 5:colcon.colcon_core.verb:set package 'hexapod_description' build argument 'cmake_force_configure' from command line to 'False'
[0.287s] Level 5:colcon.colcon_core.verb:set package 'hexapod_description' build argument 'ament_cmake_args' from command line to 'None'
[0.287s] Level 5:colcon.colcon_core.verb:set package 'hexapod_description' build argument 'catkin_cmake_args' from command line to 'None'
[0.287s] Level 5:colcon.colcon_core.verb:set package 'hexapod_description' build argument 'catkin_skip_building_tests' from command line to 'False'
[0.287s] DEBUG:colcon.colcon_core.verb:Building package 'hexapod_description' with the following arguments: {'ament_cmake_args': None, 'build_base': '/home/ozturk/mekhexapod_ws/build/hexapod_description', 'catkin_cmake_args': None, 'catkin_skip_building_tests': False, 'cmake_args': None, 'cmake_clean_cache': False, 'cmake_clean_first': False, 'cmake_force_configure': False, 'cmake_target': None, 'cmake_target_skip_unavailable': False, 'install_base': '/home/ozturk/mekhexapod_ws/install/hexapod_description', 'merge_install': False, 'path': '/home/ozturk/mekhexapod_ws/src/hexapod_description', 'symlink_install': False, 'test_result_base': None}
[0.287s] Level 5:colcon.colcon_core.verb:set package 'hexapod_klavye_kontrol' build argument 'cmake_args' from command line to 'None'
[0.288s] Level 5:colcon.colcon_core.verb:set package 'hexapod_klavye_kontrol' build argument 'cmake_target' from command line to 'None'
[0.288s] Level 5:colcon.colcon_core.verb:set package 'hexapod_klavye_kontrol' build argument 'cmake_target_skip_unavailable' from command line to 'False'
[0.288s] Level 5:colcon.colcon_core.verb:set package 'hexapod_klavye_kontrol' build argument 'cmake_clean_cache' from command line to 'False'
[0.288s] Level 5:colcon.colcon_core.verb:set package 'hexapod_klavye_kontrol' build argument 'cmake_clean_first' from command line to 'False'
[0.288s] Level 5:colcon.colcon_core.verb:set package 'hexapod_klavye_kontrol' build argument 'cmake_force_configure' from command line to 'False'
[0.288s] Level 5:colcon.colcon_core.verb:set package 'hexapod_klavye_kontrol' build argument 'ament_cmake_args' from command line to 'None'
[0.288s] Level 5:colcon.colcon_core.verb:set package 'hexapod_klavye_kontrol' build argument 'catkin_cmake_args' from command line to 'None'
[0.288s] Level 5:colcon.colcon_core.verb:set package 'hexapod_klavye_kontrol' build argument 'catkin_skip_building_tests' from command line to 'False'
[0.288s] DEBUG:colcon.colcon_core.verb:Building package 'hexapod_klavye_kontrol' with the following arguments: {'ament_cmake_args': None, 'build_base': '/home/ozturk/mekhexapod_ws/build/hexapod_klavye_kontrol', 'catkin_cmake_args': None, 'catkin_skip_building_tests': False, 'cmake_args': None, 'cmake_clean_cache': False, 'cmake_clean_first': False, 'cmake_force_configure': False, 'cmake_target': None, 'cmake_target_skip_unavailable': False, 'install_base': '/home/ozturk/mekhexapod_ws/install/hexapod_klavye_kontrol', 'merge_install': False, 'path': '/home/ozturk/mekhexapod_ws/src/hexapod_klavye_kontrol', 'symlink_install': False, 'test_result_base': None}
[0.288s] WARNING:colcon.colcon_core.verb:No task extension to 'build' a 'ros.ament_pythom' package
[0.288s] INFO:colcon.colcon_core.executor:Executing jobs using 'parallel' executor
[0.289s] DEBUG:colcon.colcon_parallel_executor.executor.parallel:run_until_complete
[0.289s] INFO:colcon.colcon_ros.task.ament_cmake.build:Building ROS package in '/home/ozturk/mekhexapod_ws/src/hexapod_description' with build type 'ament_cmake'
[0.289s] INFO:colcon.colcon_cmake.task.cmake.build:Building CMake package in '/home/ozturk/mekhexapod_ws/src/hexapod_description'
[0.290s] INFO:colcon.colcon_core.plugin_system:Skipping extension 'colcon_core.shell.bat': Not used on non-Windows systems
[0.290s] INFO:colcon.colcon_core.shell:Skip shell extension 'powershell' for command environment: Not usable outside of PowerShell
[0.290s] DEBUG:colcon.colcon_core.shell:Skip shell extension 'dsv' for command environment
[0.294s] INFO:colcon.colcon_ros.task.ament_python.build:Building ROS package in '/home/ozturk/mekhexapod_ws/src/hexapod_klavye_kontrol' with build type 'ament_python'
[0.294s] Level 1:colcon.colcon_core.shell:create_environment_hook('hexapod_klavye_kontrol', 'ament_prefix_path')
[0.294s] INFO:colcon.colcon_core.shell:Creating environment hook '/home/ozturk/mekhexapod_ws/install/hexapod_klavye_kontrol/share/hexapod_klavye_kontrol/hook/ament_prefix_path.ps1'
[0.295s] INFO:colcon.colcon_core.shell:Creating environment descriptor '/home/ozturk/mekhexapod_ws/install/hexapod_klavye_kontrol/share/hexapod_klavye_kontrol/hook/ament_prefix_path.dsv'
[0.295s] INFO:colcon.colcon_core.shell:Creating environment hook '/home/ozturk/mekhexapod_ws/install/hexapod_klavye_kontrol/share/hexapod_klavye_kontrol/hook/ament_prefix_path.sh'
[0.296s] INFO:colcon.colcon_core.shell:Skip shell extension 'powershell' for command environment: Not usable outside of PowerShell
[0.296s] DEBUG:colcon.colcon_core.shell:Skip shell extension 'dsv' for command environment
[0.302s] DEBUG:colcon.colcon_core.event_handler.log_command:Invoking command in '/home/ozturk/mekhexapod_ws/build/hexapod_description': CMAKE_PREFIX_PATH=${CMAKE_PREFIX_PATH}:/home/ozturk/ros2_ws/install/phantomx_gazebo:/home/ozturk/Hexapod-ROS2-System/sim_and_real/ros2_ws_hex/install/hexapod_keyboard_control:/opt/ros/humble /usr/bin/cmake /home/ozturk/mekhexapod_ws/src/hexapod_description -DCMAKE_INSTALL_PREFIX=/home/ozturk/mekhexapod_ws/install/hexapod_description
[0.492s] INFO:colcon.colcon_core.task.python.build:Building Python package in '/home/ozturk/mekhexapod_ws/src/hexapod_klavye_kontrol'
[0.492s] INFO:colcon.colcon_core.shell:Skip shell extension 'powershell' for command environment: Not usable outside of PowerShell
[0.492s] DEBUG:colcon.colcon_core.shell:Skip shell extension 'dsv' for command environment
[0.770s] DEBUG:colcon.colcon_core.event_handler.log_command:Invoking command in '/home/ozturk/mekhexapod_ws/src/hexapod_klavye_kontrol': PYTHONPATH=/home/ozturk/mekhexapod_ws/build/hexapod_klavye_kontrol/prefix_override:/home/ozturk/.local/lib/python3.10/site-packages/colcon_core/task/python/colcon_distutils_commands:/home/ozturk/mekhexapod_ws/install/hexapod_klavye_kontrol/lib/python3.10/site-packages:${PYTHONPATH} /usr/bin/python3 -W ignore:setup.py install is deprecated -W ignore:easy_install command is deprecated setup.py egg_info --egg-base ../../build/hexapod_klavye_kontrol build --build-base /home/ozturk/mekhexapod_ws/build/hexapod_klavye_kontrol/build install --record /home/ozturk/mekhexapod_ws/build/hexapod_klavye_kontrol/install.log --single-version-externally-managed install_data
[0.816s] DEBUG:colcon.colcon_core.event_handler.log_command:Invoked command in '/home/ozturk/mekhexapod_ws/build/hexapod_description' returned '0': CMAKE_PREFIX_PATH=${CMAKE_PREFIX_PATH}:/home/ozturk/ros2_ws/install/phantomx_gazebo:/home/ozturk/Hexapod-ROS2-System/sim_and_real/ros2_ws_hex/install/hexapod_keyboard_control:/opt/ros/humble /usr/bin/cmake /home/ozturk/mekhexapod_ws/src/hexapod_description -DCMAKE_INSTALL_PREFIX=/home/ozturk/mekhexapod_ws/install/hexapod_description
[0.817s] DEBUG:colcon.colcon_core.event_handler.log_command:Invoking command in '/home/ozturk/mekhexapod_ws/build/hexapod_description': CMAKE_PREFIX_PATH=${CMAKE_PREFIX_PATH}:/home/ozturk/ros2_ws/install/phantomx_gazebo:/home/ozturk/Hexapod-ROS2-System/sim_and_real/ros2_ws_hex/install/hexapod_keyboard_control:/opt/ros/humble /usr/bin/cmake --build /home/ozturk/mekhexapod_ws/build/hexapod_description -- -j12 -l12
[0.852s] DEBUG:colcon.colcon_core.event_handler.log_command:Invoked command in '/home/ozturk/mekhexapod_ws/build/hexapod_description' returned '0': CMAKE_PREFIX_PATH=${CMAKE_PREFIX_PATH}:/home/ozturk/ros2_ws/install/phantomx_gazebo:/home/ozturk/Hexapod-ROS2-System/sim_and_real/ros2_ws_hex/install/hexapod_keyboard_control:/opt/ros/humble /usr/bin/cmake --build /home/ozturk/mekhexapod_ws/build/hexapod_description -- -j12 -l12
[0.862s] DEBUG:colcon.colcon_core.event_handler.log_command:Invoking command in '/home/ozturk/mekhexapod_ws/build/hexapod_description': CMAKE_PREFIX_PATH=${CMAKE_PREFIX_PATH}:/home/ozturk/ros2_ws/install/phantomx_gazebo:/home/ozturk/Hexapod-ROS2-System/sim_and_real/ros2_ws_hex/install/hexapod_keyboard_control:/opt/ros/humble /usr/bin/cmake --install /home/ozturk/mekhexapod_ws/build/hexapod_description
[0.880s] Level 1:colcon.colcon_core.environment:create_environment_scripts_only(hexapod_description)
[0.881s] DEBUG:colcon.colcon_core.event_handler.log_command:Invoked command in '/home/ozturk/mekhexapod_ws/build/hexapod_description' returned '0': CMAKE_PREFIX_PATH=${CMAKE_PREFIX_PATH}:/home/ozturk/ros2_ws/install/phantomx_gazebo:/home/ozturk/Hexapod-ROS2-System/sim_and_real/ros2_ws_hex/install/hexapod_keyboard_control:/opt/ros/humble /usr/bin/cmake --install /home/ozturk/mekhexapod_ws/build/hexapod_description
[0.883s] Level 1:colcon.colcon_core.environment:checking '/home/ozturk/mekhexapod_ws/install/hexapod_description' for CMake module files
[0.883s] Level 1:colcon.colcon_core.environment:checking '/home/ozturk/mekhexapod_ws/install/hexapod_description' for CMake config files
[0.883s] Level 1:colcon.colcon_core.shell:create_environment_hook('hexapod_description', 'cmake_prefix_path')
[0.883s] INFO:colcon.colcon_core.shell:Creating environment hook '/home/ozturk/mekhexapod_ws/install/hexapod_description/share/hexapod_description/hook/cmake_prefix_path.ps1'
[0.884s] INFO:colcon.colcon_core.shell:Creating environment descriptor '/home/ozturk/mekhexapod_ws/install/hexapod_description/share/hexapod_description/hook/cmake_prefix_path.dsv'
[0.884s] INFO:colcon.colcon_core.shell:Creating environment hook '/home/ozturk/mekhexapod_ws/install/hexapod_description/share/hexapod_description/hook/cmake_prefix_path.sh'
[0.884s] Level 1:colcon.colcon_core.environment:checking '/home/ozturk/mekhexapod_ws/install/hexapod_description/lib'
[0.884s] Level 1:colcon.colcon_core.environment:checking '/home/ozturk/mekhexapod_ws/install/hexapod_description/bin'
[0.884s] Level 1:colcon.colcon_core.environment:checking '/home/ozturk/mekhexapod_ws/install/hexapod_description/lib/pkgconfig/hexapod_description.pc'
[0.884s] Level 1:colcon.colcon_core.environment:checking '/home/ozturk/mekhexapod_ws/install/hexapod_description/lib/python3.10/site-packages'
[0.885s] Level 1:colcon.colcon_core.environment:checking '/home/ozturk/mekhexapod_ws/install/hexapod_description/bin'
[0.885s] INFO:colcon.colcon_core.shell:Creating package script '/home/ozturk/mekhexapod_ws/install/hexapod_description/share/hexapod_description/package.ps1'
[0.885s] INFO:colcon.colcon_core.shell:Creating package descriptor '/home/ozturk/mekhexapod_ws/install/hexapod_description/share/hexapod_description/package.dsv'
[0.886s] INFO:colcon.colcon_core.shell:Creating package script '/home/ozturk/mekhexapod_ws/install/hexapod_description/share/hexapod_description/package.sh'
[0.886s] INFO:colcon.colcon_core.shell:Creating package script '/home/ozturk/mekhexapod_ws/install/hexapod_description/share/hexapod_description/package.bash'
[0.886s] INFO:colcon.colcon_core.shell:Creating package script '/home/ozturk/mekhexapod_ws/install/hexapod_description/share/hexapod_description/package.zsh'
[0.887s] Level 1:colcon.colcon_core.environment:create_file_with_runtime_dependencies(/home/ozturk/mekhexapod_ws/install/hexapod_description/share/colcon-core/packages/hexapod_description)
[0.887s] Level 1:colcon.colcon_core.environment:create_environment_scripts_only(hexapod_description)
[0.887s] Level 1:colcon.colcon_core.environment:checking '/home/ozturk/mekhexapod_ws/install/hexapod_description' for CMake module files
[0.887s] Level 1:colcon.colcon_core.environment:checking '/home/ozturk/mekhexapod_ws/install/hexapod_description' for CMake config files
[0.888s] Level 1:colcon.colcon_core.shell:create_environment_hook('hexapod_description', 'cmake_prefix_path')
[0.888s] INFO:colcon.colcon_core.shell:Creating environment hook '/home/ozturk/mekhexapod_ws/install/hexapod_description/share/hexapod_description/hook/cmake_prefix_path.ps1'
[0.888s] INFO:colcon.colcon_core.shell:Creating environment descriptor '/home/ozturk/mekhexapod_ws/install/hexapod_description/share/hexapod_description/hook/cmake_prefix_path.dsv'
[0.888s] INFO:colcon.colcon_core.shell:Creating environment hook '/home/ozturk/mekhexapod_ws/install/hexapod_description/share/hexapod_description/hook/cmake_prefix_path.sh'
[0.888s] Level 1:colcon.colcon_core.environment:checking '/home/ozturk/mekhexapod_ws/install/hexapod_description/lib'
[0.888s] Level 1:colcon.colcon_core.environment:checking '/home/ozturk/mekhexapod_ws/install/hexapod_description/bin'
[0.888s] Level 1:colcon.colcon_core.environment:checking '/home/ozturk/mekhexapod_ws/install/hexapod_description/lib/pkgconfig/hexapod_description.pc'
[0.889s] Level 1:colcon.colcon_core.environment:checking '/home/ozturk/mekhexapod_ws/install/hexapod_description/lib/python3.10/site-packages'
[0.889s] Level 1:colcon.colcon_core.environment:checking '/home/ozturk/mekhexapod_ws/install/hexapod_description/bin'
[0.889s] INFO:colcon.colcon_core.shell:Creating package script '/home/ozturk/mekhexapod_ws/install/hexapod_description/share/hexapod_description/package.ps1'
[0.889s] INFO:colcon.colcon_core.shell:Creating package descriptor '/home/ozturk/mekhexapod_ws/install/hexapod_description/share/hexapod_description/package.dsv'
[0.890s] INFO:colcon.colcon_core.shell:Creating package script '/home/ozturk/mekhexapod_ws/install/hexapod_description/share/hexapod_description/package.sh'
[0.890s] INFO:colcon.colcon_core.shell:Creating package script '/home/ozturk/mekhexapod_ws/install/hexapod_description/share/hexapod_description/package.bash'
[0.890s] INFO:colcon.colcon_core.shell:Creating package script '/home/ozturk/mekhexapod_ws/install/hexapod_description/share/hexapod_description/package.zsh'
[0.890s] Level 1:colcon.colcon_core.environment:create_file_with_runtime_dependencies(/home/ozturk/mekhexapod_ws/install/hexapod_description/share/colcon-core/packages/hexapod_description)
[0.990s] Level 1:colcon.colcon_core.environment:checking '/home/ozturk/mekhexapod_ws/install/hexapod_klavye_kontrol' for CMake module files
[0.990s] DEBUG:colcon.colcon_core.event_handler.log_command:Invoked command in '/home/ozturk/mekhexapod_ws/src/hexapod_klavye_kontrol' returned '0': PYTHONPATH=/home/ozturk/mekhexapod_ws/build/hexapod_klavye_kontrol/prefix_override:/home/ozturk/.local/lib/python3.10/site-packages/colcon_core/task/python/colcon_distutils_commands:/home/ozturk/mekhexapod_ws/install/hexapod_klavye_kontrol/lib/python3.10/site-packages:${PYTHONPATH} /usr/bin/python3 -W ignore:setup.py install is deprecated -W ignore:easy_install command is deprecated setup.py egg_info --egg-base ../../build/hexapod_klavye_kontrol build --build-base /home/ozturk/mekhexapod_ws/build/hexapod_klavye_kontrol/build install --record /home/ozturk/mekhexapod_ws/build/hexapod_klavye_kontrol/install.log --single-version-externally-managed install_data
[0.991s] Level 1:colcon.colcon_core.environment:checking '/home/ozturk/mekhexapod_ws/install/hexapod_klavye_kontrol' for CMake config files
[0.991s] Level 1:colcon.colcon_core.environment:checking '/home/ozturk/mekhexapod_ws/install/hexapod_klavye_kontrol/lib'
[0.991s] Level 1:colcon.colcon_core.environment:checking '/home/ozturk/mekhexapod_ws/install/hexapod_klavye_kontrol/bin'
[0.991s] Level 1:colcon.colcon_core.environment:checking '/home/ozturk/mekhexapod_ws/install/hexapod_klavye_kontrol/lib/pkgconfig/hexapod_klavye_kontrol.pc'
[0.991s] Level 1:colcon.colcon_core.environment:checking '/home/ozturk/mekhexapod_ws/install/hexapod_klavye_kontrol/lib/python3.10/site-packages'
[0.991s] Level 1:colcon.colcon_core.shell:create_environment_hook('hexapod_klavye_kontrol', 'pythonpath')
[0.991s] INFO:colcon.colcon_core.shell:Creating environment hook '/home/ozturk/mekhexapod_ws/install/hexapod_klavye_kontrol/share/hexapod_klavye_kontrol/hook/pythonpath.ps1'
[0.992s] INFO:colcon.colcon_core.shell:Creating environment descriptor '/home/ozturk/mekhexapod_ws/install/hexapod_klavye_kontrol/share/hexapod_klavye_kontrol/hook/pythonpath.dsv'
[0.992s] INFO:colcon.colcon_core.shell:Creating environment hook '/home/ozturk/mekhexapod_ws/install/hexapod_klavye_kontrol/share/hexapod_klavye_kontrol/hook/pythonpath.sh'
[0.992s] Level 1:colcon.colcon_core.environment:checking '/home/ozturk/mekhexapod_ws/install/hexapod_klavye_kontrol/bin'
[0.992s] Level 1:colcon.colcon_core.environment:create_environment_scripts_only(hexapod_klavye_kontrol)
[0.992s] INFO:colcon.colcon_core.shell:Creating package script '/home/ozturk/mekhexapod_ws/install/hexapod_klavye_kontrol/share/hexapod_klavye_kontrol/package.ps1'
[0.993s] INFO:colcon.colcon_core.shell:Creating package descriptor '/home/ozturk/mekhexapod_ws/install/hexapod_klavye_kontrol/share/hexapod_klavye_kontrol/package.dsv'
[0.993s] INFO:colcon.colcon_core.shell:Creating package script '/home/ozturk/mekhexapod_ws/install/hexapod_klavye_kontrol/share/hexapod_klavye_kontrol/package.sh'
[0.993s] INFO:colcon.colcon_core.shell:Creating package script '/home/ozturk/mekhexapod_ws/install/hexapod_klavye_kontrol/share/hexapod_klavye_kontrol/package.bash'
[0.993s] INFO:colcon.colcon_core.shell:Creating package script '/home/ozturk/mekhexapod_ws/install/hexapod_klavye_kontrol/share/hexapod_klavye_kontrol/package.zsh'
[0.994s] Level 1:colcon.colcon_core.environment:create_file_with_runtime_dependencies(/home/ozturk/mekhexapod_ws/install/hexapod_klavye_kontrol/share/colcon-core/packages/hexapod_klavye_kontrol)
[0.994s] DEBUG:colcon.colcon_parallel_executor.executor.parallel:closing loop
[0.994s] DEBUG:colcon.colcon_parallel_executor.executor.parallel:loop closed
[0.994s] DEBUG:colcon.colcon_parallel_executor.executor.parallel:run_until_complete finished with '0'
[0.994s] DEBUG:colcon.colcon_core.event_reactor:joining thread
[0.998s] INFO:colcon.colcon_core.plugin_system:Skipping extension 'colcon_notification.desktop_notification.terminal_notifier': Not used on non-Darwin systems
[0.998s] INFO:colcon.colcon_core.plugin_system:Skipping extension 'colcon_notification.desktop_notification.win32': Not used on non-Windows systems
[0.998s] INFO:colcon.colcon_notification.desktop_notification:Sending desktop notification using 'notify2'
[1.008s] DEBUG:colcon.colcon_core.event_reactor:joined thread
[1.008s] INFO:colcon.colcon_core.shell:Creating prefix script '/home/ozturk/mekhexapod_ws/install/local_setup.ps1'
[1.009s] INFO:colcon.colcon_core.shell:Creating prefix util module '/home/ozturk/mekhexapod_ws/install/_local_setup_util_ps1.py'
[1.010s] INFO:colcon.colcon_core.shell:Creating prefix chain script '/home/ozturk/mekhexapod_ws/install/setup.ps1'
[1.012s] INFO:colcon.colcon_core.shell:Creating prefix script '/home/ozturk/mekhexapod_ws/install/local_setup.sh'
[1.012s] INFO:colcon.colcon_core.shell:Creating prefix util module '/home/ozturk/mekhexapod_ws/install/_local_setup_util_sh.py'
[1.013s] INFO:colcon.colcon_core.shell:Creating prefix chain script '/home/ozturk/mekhexapod_ws/install/setup.sh'
[1.014s] INFO:colcon.colcon_core.shell:Creating prefix script '/home/ozturk/mekhexapod_ws/install/local_setup.bash'
[1.015s] INFO:colcon.colcon_core.shell:Creating prefix chain script '/home/ozturk/mekhexapod_ws/install/setup.bash'
[1.016s] INFO:colcon.colcon_core.shell:Creating prefix script '/home/ozturk/mekhexapod_ws/install/local_setup.zsh'
[1.017s] INFO:colcon.colcon_core.shell:Creating prefix chain script '/home/ozturk/mekhexapod_ws/install/setup.zsh'
