running egg_info
creating ../../build/hexapod_klavye_kontrol/hexapod_klavye_kontrol.egg-info
writing ../../build/hexapod_klavye_kontrol/hexapod_klavye_kontrol.egg-info/PKG-INFO
writing dependency_links to ../../build/hexapod_klavye_kontrol/hexapod_klavye_kontrol.egg-info/dependency_links.txt
writing entry points to ../../build/hexapod_klavye_kontrol/hexapod_klavye_kontrol.egg-info/entry_points.txt
writing requirements to ../../build/hexapod_klavye_kontrol/hexapod_klavye_kontrol.egg-info/requires.txt
writing top-level names to ../../build/hexapod_klavye_kontrol/hexapod_klavye_kontrol.egg-info/top_level.txt
writing manifest file '../../build/hexapod_klavye_kontrol/hexapod_klavye_kontrol.egg-info/SOURCES.txt'
reading manifest file '../../build/hexapod_klavye_kontrol/hexapod_klavye_kontrol.egg-info/SOURCES.txt'
writing manifest file '../../build/hexapod_klavye_kontrol/hexapod_klavye_kontrol.egg-info/SOURCES.txt'
running build
running build_py
creating /home/ozturk/mekhexapod_ws/build/hexapod_klavye_kontrol/build
creating /home/ozturk/mekhexapod_ws/build/hexapod_klavye_kontrol/build/lib
creating /home/ozturk/mekhexapod_ws/build/hexapod_klavye_kontrol/build/lib/hexapod_klavye_kontrol
copying hexapod_klavye_kontrol/klavye_kontrol.py -> /home/ozturk/mekhexapod_ws/build/hexapod_klavye_kontrol/build/lib/hexapod_klavye_kontrol
copying hexapod_klavye_kontrol/__init__.py -> /home/ozturk/mekhexapod_ws/build/hexapod_klavye_kontrol/build/lib/hexapod_klavye_kontrol
running install
running install_lib
creating /home/ozturk/mekhexapod_ws/install/hexapod_klavye_kontrol/lib/python3.10/site-packages/hexapod_klavye_kontrol
copying /home/ozturk/mekhexapod_ws/build/hexapod_klavye_kontrol/build/lib/hexapod_klavye_kontrol/klavye_kontrol.py -> /home/ozturk/mekhexapod_ws/install/hexapod_klavye_kontrol/lib/python3.10/site-packages/hexapod_klavye_kontrol
copying /home/ozturk/mekhexapod_ws/build/hexapod_klavye_kontrol/build/lib/hexapod_klavye_kontrol/__init__.py -> /home/ozturk/mekhexapod_ws/install/hexapod_klavye_kontrol/lib/python3.10/site-packages/hexapod_klavye_kontrol
byte-compiling /home/ozturk/mekhexapod_ws/install/hexapod_klavye_kontrol/lib/python3.10/site-packages/hexapod_klavye_kontrol/klavye_kontrol.py to klavye_kontrol.cpython-310.pyc
byte-compiling /home/ozturk/mekhexapod_ws/install/hexapod_klavye_kontrol/lib/python3.10/site-packages/hexapod_klavye_kontrol/__init__.py to __init__.cpython-310.pyc
running install_data
creating /home/ozturk/mekhexapod_ws/install/hexapod_klavye_kontrol/share/ament_index
creating /home/ozturk/mekhexapod_ws/install/hexapod_klavye_kontrol/share/ament_index/resource_index
creating /home/ozturk/mekhexapod_ws/install/hexapod_klavye_kontrol/share/ament_index/resource_index/packages
copying resource/hexapod_klavye_kontrol -> /home/ozturk/mekhexapod_ws/install/hexapod_klavye_kontrol/share/ament_index/resource_index/packages
copying package.xml -> /home/ozturk/mekhexapod_ws/install/hexapod_klavye_kontrol/share/hexapod_klavye_kontrol
running install_egg_info
Copying ../../build/hexapod_klavye_kontrol/hexapod_klavye_kontrol.egg-info to /home/ozturk/mekhexapod_ws/install/hexapod_klavye_kontrol/lib/python3.10/site-packages/hexapod_klavye_kontrol-1.0.0-py3.10.egg-info
running install_scripts
Installing klavye_kontrol script to /home/ozturk/mekhexapod_ws/install/hexapod_klavye_kontrol/lib/hexapod_klavye_kontrol
writing list of installed files to '/home/ozturk/mekhexapod_ws/build/hexapod_klavye_kontrol/install.log'
