[0.476s] Invoking command in '/home/ozturk/mekhexapod_ws/src/hexapod_klavye_kontrol': PYTHONPATH=/home/ozturk/mekhexapod_ws/build/hexapod_klavye_kontrol/prefix_override:/home/ozturk/.local/lib/python3.10/site-packages/colcon_core/task/python/colcon_distutils_commands:/home/ozturk/mekhexapod_ws/install/hexapod_klavye_kontrol/lib/python3.10/site-packages:${PYTHONPATH} /usr/bin/python3 -W ignore:setup.py install is deprecated -W ignore:easy_install command is deprecated setup.py egg_info --egg-base ../../build/hexapod_klavye_kontrol build --build-base /home/ozturk/mekhexapod_ws/build/hexapod_klavye_kontrol/build install --record /home/ozturk/mekhexapod_ws/build/hexapod_klavye_kontrol/install.log --single-version-externally-managed install_data
[0.656s] running egg_info
[0.656s] creating ../../build/hexapod_klavye_kontrol/hexapod_klavye_kontrol.egg-info
[0.657s] writing ../../build/hexapod_klavye_kontrol/hexapod_klavye_kontrol.egg-info/PKG-INFO
[0.657s] writing dependency_links to ../../build/hexapod_klavye_kontrol/hexapod_klavye_kontrol.egg-info/dependency_links.txt
[0.657s] writing entry points to ../../build/hexapod_klavye_kontrol/hexapod_klavye_kontrol.egg-info/entry_points.txt
[0.657s] writing requirements to ../../build/hexapod_klavye_kontrol/hexapod_klavye_kontrol.egg-info/requires.txt
[0.657s] writing top-level names to ../../build/hexapod_klavye_kontrol/hexapod_klavye_kontrol.egg-info/top_level.txt
[0.657s] writing manifest file '../../build/hexapod_klavye_kontrol/hexapod_klavye_kontrol.egg-info/SOURCES.txt'
[0.658s] reading manifest file '../../build/hexapod_klavye_kontrol/hexapod_klavye_kontrol.egg-info/SOURCES.txt'
[0.659s] writing manifest file '../../build/hexapod_klavye_kontrol/hexapod_klavye_kontrol.egg-info/SOURCES.txt'
[0.659s] running build
[0.659s] running build_py
[0.659s] creating /home/ozturk/mekhexapod_ws/build/hexapod_klavye_kontrol/build
[0.659s] creating /home/ozturk/mekhexapod_ws/build/hexapod_klavye_kontrol/build/lib
[0.659s] creating /home/ozturk/mekhexapod_ws/build/hexapod_klavye_kontrol/build/lib/hexapod_klavye_kontrol
[0.659s] copying hexapod_klavye_kontrol/klavye_kontrol.py -> /home/ozturk/mekhexapod_ws/build/hexapod_klavye_kontrol/build/lib/hexapod_klavye_kontrol
[0.659s] copying hexapod_klavye_kontrol/__init__.py -> /home/ozturk/mekhexapod_ws/build/hexapod_klavye_kontrol/build/lib/hexapod_klavye_kontrol
[0.659s] running install
[0.659s] running install_lib
[0.660s] creating /home/ozturk/mekhexapod_ws/install/hexapod_klavye_kontrol/lib/python3.10/site-packages/hexapod_klavye_kontrol
[0.660s] copying /home/ozturk/mekhexapod_ws/build/hexapod_klavye_kontrol/build/lib/hexapod_klavye_kontrol/klavye_kontrol.py -> /home/ozturk/mekhexapod_ws/install/hexapod_klavye_kontrol/lib/python3.10/site-packages/hexapod_klavye_kontrol
[0.660s] copying /home/ozturk/mekhexapod_ws/build/hexapod_klavye_kontrol/build/lib/hexapod_klavye_kontrol/__init__.py -> /home/ozturk/mekhexapod_ws/install/hexapod_klavye_kontrol/lib/python3.10/site-packages/hexapod_klavye_kontrol
[0.660s] byte-compiling /home/ozturk/mekhexapod_ws/install/hexapod_klavye_kontrol/lib/python3.10/site-packages/hexapod_klavye_kontrol/klavye_kontrol.py to klavye_kontrol.cpython-310.pyc
[0.661s] byte-compiling /home/ozturk/mekhexapod_ws/install/hexapod_klavye_kontrol/lib/python3.10/site-packages/hexapod_klavye_kontrol/__init__.py to __init__.cpython-310.pyc
[0.661s] running install_data
[0.661s] creating /home/ozturk/mekhexapod_ws/install/hexapod_klavye_kontrol/share/ament_index
[0.661s] creating /home/ozturk/mekhexapod_ws/install/hexapod_klavye_kontrol/share/ament_index/resource_index
[0.661s] creating /home/ozturk/mekhexapod_ws/install/hexapod_klavye_kontrol/share/ament_index/resource_index/packages
[0.661s] copying resource/hexapod_klavye_kontrol -> /home/ozturk/mekhexapod_ws/install/hexapod_klavye_kontrol/share/ament_index/resource_index/packages
[0.661s] copying package.xml -> /home/ozturk/mekhexapod_ws/install/hexapod_klavye_kontrol/share/hexapod_klavye_kontrol
[0.661s] running install_egg_info
[0.662s] Copying ../../build/hexapod_klavye_kontrol/hexapod_klavye_kontrol.egg-info to /home/ozturk/mekhexapod_ws/install/hexapod_klavye_kontrol/lib/python3.10/site-packages/hexapod_klavye_kontrol-1.0.0-py3.10.egg-info
[0.663s] running install_scripts
[0.678s] Installing klavye_kontrol script to /home/ozturk/mekhexapod_ws/install/hexapod_klavye_kontrol/lib/hexapod_klavye_kontrol
[0.678s] writing list of installed files to '/home/ozturk/mekhexapod_ws/build/hexapod_klavye_kontrol/install.log'
[0.696s] Invoked command in '/home/ozturk/mekhexapod_ws/src/hexapod_klavye_kontrol' returned '0': PYTHONPATH=/home/ozturk/mekhexapod_ws/build/hexapod_klavye_kontrol/prefix_override:/home/ozturk/.local/lib/python3.10/site-packages/colcon_core/task/python/colcon_distutils_commands:/home/ozturk/mekhexapod_ws/install/hexapod_klavye_kontrol/lib/python3.10/site-packages:${PYTHONPATH} /usr/bin/python3 -W ignore:setup.py install is deprecated -W ignore:easy_install command is deprecated setup.py egg_info --egg-base ../../build/hexapod_klavye_kontrol build --build-base /home/ozturk/mekhexapod_ws/build/hexapod_klavye_kontrol/build install --record /home/ozturk/mekhexapod_ws/build/hexapod_klavye_kontrol/install.log --single-version-externally-managed install_data
