-- Install configuration: ""
-- Up-to-date: /home/ozturk/mekhexapod_ws/install/hexapod_description/share/hexapod_description/collision
-- Up-to-date: /home/ozturk/mekhexapod_ws/install/hexapod_description/share/hexapod_description/collision/Version1
-- Up-to-date: /home/ozturk/mekhexapod_ws/install/hexapod_description/share/hexapod_description/collision/Version1/mid_section_hitbox.xacro
-- Up-to-date: /home/ozturk/mekhexapod_ws/install/hexapod_description/share/hexapod_description/collision/Version1/down_section_hitbox.xacro
-- Up-to-date: /home/ozturk/mekhexapod_ws/install/hexapod_description/share/hexapod_description/collision/Version1/platform_hitbox.xacro
-- Up-to-date: /home/ozturk/mekhexapod_ws/install/hexapod_description/share/hexapod_description/collision/Version1/up_section_hitbox.xacro
-- Up-to-date: /home/ozturk/mekhexapod_ws/install/hexapod_description/share/hexapod_description/collision/Version2
-- Up-to-date: /home/ozturk/mekhexapod_ws/install/hexapod_description/share/hexapod_description/collision/Version2/mid_section_hitbox.xacro
-- Up-to-date: /home/ozturk/mekhexapod_ws/install/hexapod_description/share/hexapod_description/collision/Version2/tip_hitbox.xacro
-- Up-to-date: /home/ozturk/mekhexapod_ws/install/hexapod_description/share/hexapod_description/collision/Version2/down_section_hitbox.xacro
-- Up-to-date: /home/ozturk/mekhexapod_ws/install/hexapod_description/share/hexapod_description/collision/Version2/platform_hitbox.xacro
-- Up-to-date: /home/ozturk/mekhexapod_ws/install/hexapod_description/share/hexapod_description/collision/Version2/up_section_hitbox.xacro
-- Up-to-date: /home/ozturk/mekhexapod_ws/install/hexapod_description/share/hexapod_description/config
-- Up-to-date: /home/ozturk/mekhexapod_ws/install/hexapod_description/share/hexapod_description/config/initial_positions.yaml
-- Up-to-date: /home/ozturk/mekhexapod_ws/install/hexapod_description/share/hexapod_description/contact
-- Up-to-date: /home/ozturk/mekhexapod_ws/install/hexapod_description/share/hexapod_description/contact/contact_sensor.py
-- Up-to-date: /home/ozturk/mekhexapod_ws/install/hexapod_description/share/hexapod_description/control
-- Up-to-date: /home/ozturk/mekhexapod_ws/install/hexapod_description/share/hexapod_description/control/controller_manager.yaml
-- Up-to-date: /home/ozturk/mekhexapod_ws/install/hexapod_description/share/hexapod_description/control/hexapod.ros2_control.xacro
-- Up-to-date: /home/ozturk/mekhexapod_ws/install/hexapod_description/share/hexapod_description/gazebo
-- Up-to-date: /home/ozturk/mekhexapod_ws/install/hexapod_description/share/hexapod_description/gazebo/hexapod.gazebo.xacro
-- Up-to-date: /home/ozturk/mekhexapod_ws/install/hexapod_description/share/hexapod_description/meshes
-- Up-to-date: /home/ozturk/mekhexapod_ws/install/hexapod_description/share/hexapod_description/meshes/Version1
-- Up-to-date: /home/ozturk/mekhexapod_ws/install/hexapod_description/share/hexapod_description/meshes/Version1/leg_mid.stl
-- Up-to-date: /home/ozturk/mekhexapod_ws/install/hexapod_description/share/hexapod_description/meshes/Version1/leg_down.stl
-- Up-to-date: /home/ozturk/mekhexapod_ws/install/hexapod_description/share/hexapod_description/meshes/Version1/hitbox_2_leg_down.stl
-- Up-to-date: /home/ozturk/mekhexapod_ws/install/hexapod_description/share/hexapod_description/meshes/Version1/hitbox_2_leg_up.stl
-- Up-to-date: /home/ozturk/mekhexapod_ws/install/hexapod_description/share/hexapod_description/meshes/Version1/hitbox_2_leg_mid.stl
-- Up-to-date: /home/ozturk/mekhexapod_ws/install/hexapod_description/share/hexapod_description/meshes/Version1/platform.stl
-- Up-to-date: /home/ozturk/mekhexapod_ws/install/hexapod_description/share/hexapod_description/meshes/Version1/hitbox_platform.stl
-- Up-to-date: /home/ozturk/mekhexapod_ws/install/hexapod_description/share/hexapod_description/meshes/Version1/leg_up.stl
-- Up-to-date: /home/ozturk/mekhexapod_ws/install/hexapod_description/share/hexapod_description/meshes/Version2
-- Up-to-date: /home/ozturk/mekhexapod_ws/install/hexapod_description/share/hexapod_description/meshes/Version2/leg_mid.stl
-- Up-to-date: /home/ozturk/mekhexapod_ws/install/hexapod_description/share/hexapod_description/meshes/Version2/leg_down.stl
-- Up-to-date: /home/ozturk/mekhexapod_ws/install/hexapod_description/share/hexapod_description/meshes/Version2/platform.stl
-- Up-to-date: /home/ozturk/mekhexapod_ws/install/hexapod_description/share/hexapod_description/meshes/Version2/leg_up.stl
-- Up-to-date: /home/ozturk/mekhexapod_ws/install/hexapod_description/share/hexapod_description/urdf
-- Up-to-date: /home/ozturk/mekhexapod_ws/install/hexapod_description/share/hexapod_description/urdf/hexapod.urdf.xacro
-- Up-to-date: /home/ozturk/mekhexapod_ws/install/hexapod_description/share/hexapod_description/urdf/imu.urdf.xacro
-- Up-to-date: /home/ozturk/mekhexapod_ws/install/hexapod_description/share/hexapod_description/urdf/hexapod_ee.urdf.xacro
-- Up-to-date: /home/ozturk/mekhexapod_ws/install/hexapod_description/share/hexapod_description/urdf/hexapod_leg_ee.urdf.xacro
-- Up-to-date: /home/ozturk/mekhexapod_ws/install/hexapod_description/share/hexapod_description/urdf/camera.xacro
-- Up-to-date: /home/ozturk/mekhexapod_ws/install/hexapod_description/lib/hexapod_description/contact_sensor.py
-- Up-to-date: /home/ozturk/mekhexapod_ws/install/hexapod_description/share/ament_index/resource_index/package_run_dependencies/hexapod_description
-- Up-to-date: /home/ozturk/mekhexapod_ws/install/hexapod_description/share/ament_index/resource_index/parent_prefix_path/hexapod_description
-- Up-to-date: /home/ozturk/mekhexapod_ws/install/hexapod_description/share/hexapod_description/environment/ament_prefix_path.sh
-- Up-to-date: /home/ozturk/mekhexapod_ws/install/hexapod_description/share/hexapod_description/environment/ament_prefix_path.dsv
-- Up-to-date: /home/ozturk/mekhexapod_ws/install/hexapod_description/share/hexapod_description/environment/path.sh
-- Up-to-date: /home/ozturk/mekhexapod_ws/install/hexapod_description/share/hexapod_description/environment/path.dsv
-- Up-to-date: /home/ozturk/mekhexapod_ws/install/hexapod_description/share/hexapod_description/local_setup.bash
-- Up-to-date: /home/ozturk/mekhexapod_ws/install/hexapod_description/share/hexapod_description/local_setup.sh
-- Up-to-date: /home/ozturk/mekhexapod_ws/install/hexapod_description/share/hexapod_description/local_setup.zsh
-- Up-to-date: /home/ozturk/mekhexapod_ws/install/hexapod_description/share/hexapod_description/local_setup.dsv
-- Up-to-date: /home/ozturk/mekhexapod_ws/install/hexapod_description/share/hexapod_description/package.dsv
-- Up-to-date: /home/ozturk/mekhexapod_ws/install/hexapod_description/share/ament_index/resource_index/packages/hexapod_description
-- Up-to-date: /home/ozturk/mekhexapod_ws/install/hexapod_description/share/hexapod_description/cmake/hexapod_descriptionConfig.cmake
-- Up-to-date: /home/ozturk/mekhexapod_ws/install/hexapod_description/share/hexapod_description/cmake/hexapod_descriptionConfig-version.cmake
-- Up-to-date: /home/ozturk/mekhexapod_ws/install/hexapod_description/share/hexapod_description/package.xml
