[0.017s] Invoking command in '/home/ozturk/mekhexapod_ws/build/hexapod_description': CMAKE_PREFIX_PATH=${CMAKE_PREFIX_PATH}:/home/ozturk/mekhexapod_ws/install/hexapod_klavye_kontrol:/home/ozturk/ros2_ws/install/phantomx_gazebo:/home/ozturk/Hexapod-ROS2-System/sim_and_real/ros2_ws_hex/install/hexapod_keyboard_control:/opt/ros/humble /usr/bin/cmake --build /home/ozturk/mekhexapod_ws/build/hexapod_description -- -j12 -l12
[0.213s] Invoked command in '/home/ozturk/mekhexapod_ws/build/hexapod_description' returned '0': CMAKE_PREFIX_PATH=${CMAKE_PREFIX_PATH}:/home/ozturk/mekhexapod_ws/install/hexapod_klavye_kontrol:/home/ozturk/ros2_ws/install/phantomx_gazebo:/home/ozturk/Hexapod-ROS2-System/sim_and_real/ros2_ws_hex/install/hexapod_keyboard_control:/opt/ros/humble /usr/bin/cmake --build /home/ozturk/mekhexapod_ws/build/hexapod_description -- -j12 -l12
[0.220s] Invoking command in '/home/ozturk/mekhexapod_ws/build/hexapod_description': CMAKE_PREFIX_PATH=${CMAKE_PREFIX_PATH}:/home/ozturk/mekhexapod_ws/install/hexapod_klavye_kontrol:/home/ozturk/ros2_ws/install/phantomx_gazebo:/home/ozturk/Hexapod-ROS2-System/sim_and_real/ros2_ws_hex/install/hexapod_keyboard_control:/opt/ros/humble /usr/bin/cmake --install /home/ozturk/mekhexapod_ws/build/hexapod_description
[0.227s] -- Install configuration: ""
[0.227s] -- Up-to-date: /home/ozturk/mekhexapod_ws/install/hexapod_description/share/hexapod_description/collision
[0.227s] -- Up-to-date: /home/ozturk/mekhexapod_ws/install/hexapod_description/share/hexapod_description/collision/Version1
[0.228s] -- Up-to-date: /home/ozturk/mekhexapod_ws/install/hexapod_description/share/hexapod_description/collision/Version1/mid_section_hitbox.xacro
[0.228s] -- Up-to-date: /home/ozturk/mekhexapod_ws/install/hexapod_description/share/hexapod_description/collision/Version1/down_section_hitbox.xacro
[0.228s] -- Up-to-date: /home/ozturk/mekhexapod_ws/install/hexapod_description/share/hexapod_description/collision/Version1/platform_hitbox.xacro
[0.228s] -- Up-to-date: /home/ozturk/mekhexapod_ws/install/hexapod_description/share/hexapod_description/collision/Version1/up_section_hitbox.xacro
[0.228s] -- Up-to-date: /home/ozturk/mekhexapod_ws/install/hexapod_description/share/hexapod_description/collision/Version2
[0.228s] -- Up-to-date: /home/ozturk/mekhexapod_ws/install/hexapod_description/share/hexapod_description/collision/Version2/mid_section_hitbox.xacro
[0.228s] -- Up-to-date: /home/ozturk/mekhexapod_ws/install/hexapod_description/share/hexapod_description/collision/Version2/tip_hitbox.xacro
[0.228s] -- Up-to-date: /home/ozturk/mekhexapod_ws/install/hexapod_description/share/hexapod_description/collision/Version2/down_section_hitbox.xacro
[0.228s] -- Up-to-date: /home/ozturk/mekhexapod_ws/install/hexapod_description/share/hexapod_description/collision/Version2/platform_hitbox.xacro
[0.228s] -- Up-to-date: /home/ozturk/mekhexapod_ws/install/hexapod_description/share/hexapod_description/collision/Version2/up_section_hitbox.xacro
[0.228s] -- Up-to-date: /home/ozturk/mekhexapod_ws/install/hexapod_description/share/hexapod_description/config
[0.228s] -- Up-to-date: /home/ozturk/mekhexapod_ws/install/hexapod_description/share/hexapod_description/config/initial_positions.yaml
[0.228s] -- Up-to-date: /home/ozturk/mekhexapod_ws/install/hexapod_description/share/hexapod_description/contact
[0.228s] -- Up-to-date: /home/ozturk/mekhexapod_ws/install/hexapod_description/share/hexapod_description/contact/contact_sensor.py
[0.228s] -- Up-to-date: /home/ozturk/mekhexapod_ws/install/hexapod_description/share/hexapod_description/control
[0.228s] -- Up-to-date: /home/ozturk/mekhexapod_ws/install/hexapod_description/share/hexapod_description/control/controller_manager.yaml
[0.228s] -- Up-to-date: /home/ozturk/mekhexapod_ws/install/hexapod_description/share/hexapod_description/control/hexapod.ros2_control.xacro
[0.228s] -- Up-to-date: /home/ozturk/mekhexapod_ws/install/hexapod_description/share/hexapod_description/gazebo
[0.228s] -- Up-to-date: /home/ozturk/mekhexapod_ws/install/hexapod_description/share/hexapod_description/gazebo/hexapod.gazebo.xacro
[0.229s] -- Up-to-date: /home/ozturk/mekhexapod_ws/install/hexapod_description/share/hexapod_description/meshes
[0.229s] -- Up-to-date: /home/ozturk/mekhexapod_ws/install/hexapod_description/share/hexapod_description/meshes/Version1
[0.229s] -- Up-to-date: /home/ozturk/mekhexapod_ws/install/hexapod_description/share/hexapod_description/meshes/Version1/leg_mid.stl
[0.229s] -- Up-to-date: /home/ozturk/mekhexapod_ws/install/hexapod_description/share/hexapod_description/meshes/Version1/leg_down.stl
[0.229s] -- Up-to-date: /home/ozturk/mekhexapod_ws/install/hexapod_description/share/hexapod_description/meshes/Version1/hitbox_2_leg_down.stl
[0.229s] -- Up-to-date: /home/ozturk/mekhexapod_ws/install/hexapod_description/share/hexapod_description/meshes/Version1/hitbox_2_leg_up.stl
[0.229s] -- Up-to-date: /home/ozturk/mekhexapod_ws/install/hexapod_description/share/hexapod_description/meshes/Version1/hitbox_2_leg_mid.stl
[0.229s] -- Up-to-date: /home/ozturk/mekhexapod_ws/install/hexapod_description/share/hexapod_description/meshes/Version1/platform.stl
[0.229s] -- Up-to-date: /home/ozturk/mekhexapod_ws/install/hexapod_description/share/hexapod_description/meshes/Version1/hitbox_platform.stl
[0.229s] -- Up-to-date: /home/ozturk/mekhexapod_ws/install/hexapod_description/share/hexapod_description/meshes/Version1/leg_up.stl
[0.229s] -- Up-to-date: /home/ozturk/mekhexapod_ws/install/hexapod_description/share/hexapod_description/meshes/Version2
[0.229s] -- Up-to-date: /home/ozturk/mekhexapod_ws/install/hexapod_description/share/hexapod_description/meshes/Version2/leg_mid.stl
[0.229s] -- Up-to-date: /home/ozturk/mekhexapod_ws/install/hexapod_description/share/hexapod_description/meshes/Version2/leg_down.stl
[0.229s] -- Up-to-date: /home/ozturk/mekhexapod_ws/install/hexapod_description/share/hexapod_description/meshes/Version2/platform.stl
[0.229s] -- Up-to-date: /home/ozturk/mekhexapod_ws/install/hexapod_description/share/hexapod_description/meshes/Version2/leg_up.stl
[0.229s] -- Up-to-date: /home/ozturk/mekhexapod_ws/install/hexapod_description/share/hexapod_description/urdf
[0.229s] -- Up-to-date: /home/ozturk/mekhexapod_ws/install/hexapod_description/share/hexapod_description/urdf/hexapod.urdf.xacro
[0.230s] -- Up-to-date: /home/ozturk/mekhexapod_ws/install/hexapod_description/share/hexapod_description/urdf/imu.urdf.xacro
[0.230s] -- Up-to-date: /home/ozturk/mekhexapod_ws/install/hexapod_description/share/hexapod_description/urdf/hexapod_ee.urdf.xacro
[0.230s] -- Up-to-date: /home/ozturk/mekhexapod_ws/install/hexapod_description/share/hexapod_description/urdf/hexapod_leg_ee.urdf.xacro
[0.230s] -- Up-to-date: /home/ozturk/mekhexapod_ws/install/hexapod_description/share/hexapod_description/urdf/camera.xacro
[0.230s] -- Up-to-date: /home/ozturk/mekhexapod_ws/install/hexapod_description/lib/hexapod_description/contact_sensor.py
[0.230s] -- Up-to-date: /home/ozturk/mekhexapod_ws/install/hexapod_description/share/ament_index/resource_index/package_run_dependencies/hexapod_description
[0.230s] -- Up-to-date: /home/ozturk/mekhexapod_ws/install/hexapod_description/share/ament_index/resource_index/parent_prefix_path/hexapod_description
[0.230s] -- Up-to-date: /home/ozturk/mekhexapod_ws/install/hexapod_description/share/hexapod_description/environment/ament_prefix_path.sh
[0.230s] -- Up-to-date: /home/ozturk/mekhexapod_ws/install/hexapod_description/share/hexapod_description/environment/ament_prefix_path.dsv
[0.230s] -- Up-to-date: /home/ozturk/mekhexapod_ws/install/hexapod_description/share/hexapod_description/environment/path.sh
[0.231s] -- Up-to-date: /home/ozturk/mekhexapod_ws/install/hexapod_description/share/hexapod_description/environment/path.dsv
[0.231s] -- Up-to-date: /home/ozturk/mekhexapod_ws/install/hexapod_description/share/hexapod_description/local_setup.bash
[0.231s] -- Up-to-date: /home/ozturk/mekhexapod_ws/install/hexapod_description/share/hexapod_description/local_setup.sh
[0.231s] -- Up-to-date: /home/ozturk/mekhexapod_ws/install/hexapod_description/share/hexapod_description/local_setup.zsh
[0.231s] -- Up-to-date: /home/ozturk/mekhexapod_ws/install/hexapod_description/share/hexapod_description/local_setup.dsv
[0.231s] -- Up-to-date: /home/ozturk/mekhexapod_ws/install/hexapod_description/share/hexapod_description/package.dsv
[0.231s] -- Up-to-date: /home/ozturk/mekhexapod_ws/install/hexapod_description/share/ament_index/resource_index/packages/hexapod_description
[0.232s] -- Up-to-date: /home/ozturk/mekhexapod_ws/install/hexapod_description/share/hexapod_description/cmake/hexapod_descriptionConfig.cmake
[0.232s] -- Up-to-date: /home/ozturk/mekhexapod_ws/install/hexapod_description/share/hexapod_description/cmake/hexapod_descriptionConfig-version.cmake
[0.232s] -- Up-to-date: /home/ozturk/mekhexapod_ws/install/hexapod_description/share/hexapod_description/package.xml
[0.232s] Invoked command in '/home/ozturk/mekhexapod_ws/build/hexapod_description' returned '0': CMAKE_PREFIX_PATH=${CMAKE_PREFIX_PATH}:/home/ozturk/mekhexapod_ws/install/hexapod_klavye_kontrol:/home/ozturk/ros2_ws/install/phantomx_gazebo:/home/ozturk/Hexapod-ROS2-System/sim_and_real/ros2_ws_hex/install/hexapod_keyboard_control:/opt/ros/humble /usr/bin/cmake --install /home/ozturk/mekhexapod_ws/build/hexapod_description
